<?xml version="1.0" encoding="UTF-8"?>
<testsuite xmlns:xsi="http://www.w3.org/2001/XMLSchema-instance" xsi:noNamespaceSchemaLocation="https://maven.apache.org/surefire/maven-surefire-plugin/xsd/surefire-test-report-3.0.xsd" version="3.0" name="API_Test.JuceShopTest" time="1.207" tests="1" errors="0" skipped="0" failures="0">
  <properties>
    <property name="java.specification.version" value="13"/>
    <property name="sun.jnu.encoding" value="UTF-8"/>
    <property name="java.class.path" value="/Users/ramanathan.mthoughtworks.com/Documents/Automation/untitled folder/JuiceShop_RestAssured/target/test-classes:/Users/ramanathan.mthoughtworks.com/Documents/Automation/untitled folder/JuiceShop_RestAssured/target/classes:/Users/ramanathan.mthoughtworks.com/.m2/repository/org/testng/testng/6.14.2/testng-6.14.2.jar:/Users/ramanathan.mthoughtworks.com/.m2/repository/com/beust/jcommander/1.72/jcommander-1.72.jar:/Users/ramanathan.mthoughtworks.com/.m2/repository/org/apache-extras/beanshell/bsh/2.0b6/bsh-2.0b6.jar:/Users/ramanathan.mthoughtworks.com/.m2/repository/io/rest-assured/rest-assured/4.0.0/rest-assured-4.0.0.jar:/Users/ramanathan.mthoughtworks.com/.m2/repository/org/codehaus/groovy/groovy/2.5.6/groovy-2.5.6.jar:/Users/ramanathan.mthoughtworks.com/.m2/repository/org/codehaus/groovy/groovy-xml/2.5.6/groovy-xml-2.5.6.jar:/Users/ramanathan.mthoughtworks.com/.m2/repository/org/apache/httpcomponents/httpclient/4.5.3/httpclient-4.5.3.jar:/Users/ramanathan.mthoughtworks.com/.m2/repository/org/apache/httpcomponents/httpcore/4.4.6/httpcore-4.4.6.jar:/Users/ramanathan.mthoughtworks.com/.m2/repository/commons-logging/commons-logging/1.2/commons-logging-1.2.jar:/Users/ramanathan.mthoughtworks.com/.m2/repository/commons-codec/commons-codec/1.9/commons-codec-1.9.jar:/Users/ramanathan.mthoughtworks.com/.m2/repository/org/apache/httpcomponents/httpmime/4.5.3/httpmime-4.5.3.jar:/Users/ramanathan.mthoughtworks.com/.m2/repository/org/hamcrest/hamcrest-core/2.1/hamcrest-core-2.1.jar:/Users/ramanathan.mthoughtworks.com/.m2/repository/org/hamcrest/hamcrest-library/2.1/hamcrest-library-2.1.jar:/Users/ramanathan.mthoughtworks.com/.m2/repository/org/ccil/cowan/tagsoup/tagsoup/1.2.1/tagsoup-1.2.1.jar:/Users/ramanathan.mthoughtworks.com/.m2/repository/io/rest-assured/json-path/4.2.0/json-path-4.2.0.jar:/Users/ramanathan.mthoughtworks.com/.m2/repository/org/codehaus/groovy/groovy-json/2.5.8/groovy-json-2.5.8.jar:/Users/ramanathan.mthoughtworks.com/.m2/repository/io/rest-assured/rest-assured-common/4.2.0/rest-assured-common-4.2.0.jar:/Users/ramanathan.mthoughtworks.com/.m2/repository/io/rest-assured/xml-path/4.2.0/xml-path-4.2.0.jar:/Users/ramanathan.mthoughtworks.com/.m2/repository/org/apache/commons/commons-lang3/3.4/commons-lang3-3.4.jar:/Users/ramanathan.mthoughtworks.com/.m2/repository/jakarta/xml/bind/jakarta.xml.bind-api/2.3.2/jakarta.xml.bind-api-2.3.2.jar:/Users/ramanathan.mthoughtworks.com/.m2/repository/jakarta/activation/jakarta.activation-api/1.2.1/jakarta.activation-api-1.2.1.jar:/Users/ramanathan.mthoughtworks.com/.m2/repository/com/sun/xml/bind/jaxb-osgi/2.3.0.1/jaxb-osgi-2.3.0.1.jar:/Users/ramanathan.mthoughtworks.com/.m2/repository/org/apache/sling/org.apache.sling.javax.activation/0.1.0/org.apache.sling.javax.activation-0.1.0.jar:/Users/ramanathan.mthoughtworks.com/.m2/repository/javax/activation/activation/1.1.1/activation-1.1.1.jar:/Users/ramanathan.mthoughtworks.com/.m2/repository/io/rest-assured/json-schema-validator/4.2.0/json-schema-validator-4.2.0.jar:/Users/ramanathan.mthoughtworks.com/.m2/repository/com/github/java-json-tools/json-schema-validator/2.2.10/json-schema-validator-2.2.10.jar:/Users/ramanathan.mthoughtworks.com/.m2/repository/com/github/java-json-tools/json-schema-core/1.2.10/json-schema-core-1.2.10.jar:/Users/ramanathan.mthoughtworks.com/.m2/repository/com/github/java-json-tools/jackson-coreutils/1.9/jackson-coreutils-1.9.jar:/Users/ramanathan.mthoughtworks.com/.m2/repository/com/fasterxml/jackson/core/jackson-databind/2.2.3/jackson-databind-2.2.3.jar:/Users/ramanathan.mthoughtworks.com/.m2/repository/com/fasterxml/jackson/core/jackson-annotations/2.2.3/jackson-annotations-2.2.3.jar:/Users/ramanathan.mthoughtworks.com/.m2/repository/com/fasterxml/jackson/core/jackson-core/2.2.3/jackson-core-2.2.3.jar:/Users/ramanathan.mthoughtworks.com/.m2/repository/com/google/guava/guava/16.0.1/guava-16.0.1.jar:/Users/ramanathan.mthoughtworks.com/.m2/repository/com/github/fge/msg-simple/1.1/msg-simple-1.1.jar:/Users/ramanathan.mthoughtworks.com/.m2/repository/com/github/fge/btf/1.2/btf-1.2.jar:/Users/ramanathan.mthoughtworks.com/.m2/repository/com/github/fge/uri-template/0.9/uri-template-0.9.jar:/Users/ramanathan.mthoughtworks.com/.m2/repository/org/mozilla/rhino/1.7.7.1/rhino-1.7.7.1.jar:/Users/ramanathan.mthoughtworks.com/.m2/repository/javax/mail/mailapi/1.4.3/mailapi-1.4.3.jar:/Users/ramanathan.mthoughtworks.com/.m2/repository/joda-time/joda-time/2.9.7/joda-time-2.9.7.jar:/Users/ramanathan.mthoughtworks.com/.m2/repository/com/googlecode/libphonenumber/libphonenumber/8.0.0/libphonenumber-8.0.0.jar:/Users/ramanathan.mthoughtworks.com/.m2/repository/com/google/code/findbugs/jsr305/3.0.1/jsr305-3.0.1.jar:/Users/ramanathan.mthoughtworks.com/.m2/repository/net/sf/jopt-simple/jopt-simple/5.0.3/jopt-simple-5.0.3.jar:/Users/ramanathan.mthoughtworks.com/.m2/repository/org/hamcrest/hamcrest/2.1/hamcrest-2.1.jar:/Users/ramanathan.mthoughtworks.com/.m2/repository/com/github/javafaker/javafaker/1.0.2/javafaker-1.0.2.jar:/Users/ramanathan.mthoughtworks.com/.m2/repository/org/yaml/snakeyaml/1.23/snakeyaml-1.23-android.jar:/Users/ramanathan.mthoughtworks.com/.m2/repository/com/github/mifmif/generex/1.0.2/generex-1.0.2.jar:/Users/ramanathan.mthoughtworks.com/.m2/repository/dk/brics/automaton/automaton/1.11-8/automaton-1.11-8.jar:"/>
    <property name="java.vm.vendor" value="Oracle Corporation"/>
    <property name="sun.arch.data.model" value="64"/>
    <property name="java.vendor.url" value="https://openjdk.java.net/"/>
    <property name="user.timezone" value="Asia/Kolkata"/>
    <property name="os.name" value="Mac OS X"/>
    <property name="java.vm.specification.version" value="13"/>
    <property name="sun.java.launcher" value="SUN_STANDARD"/>
    <property name="user.country" value="GB"/>
    <property name="sun.boot.library.path" value="/usr/local/Cellar/openjdk/13.0.2+8_2/libexec/openjdk.jdk/Contents/Home/lib"/>
    <property name="sun.java.command" value="/Users/ramanathan.mthoughtworks.com/Documents/Automation/untitled folder/JuiceShop_RestAssured/target/surefire/surefirebooter11978775912736978740.jar /Users/ramanathan.mthoughtworks.com/Documents/Automation/untitled folder/JuiceShop_RestAssured/target/surefire 2020-06-05T18-10-37_221-jvmRun1 surefire5035662744656637338tmp surefire_09444008000984402453tmp"/>
    <property name="http.nonProxyHosts" value="local|*.local|169.254/16|*.169.254/16"/>
    <property name="jdk.debug" value="release"/>
    <property name="surefire.test.class.path" value="/Users/ramanathan.mthoughtworks.com/Documents/Automation/untitled folder/JuiceShop_RestAssured/target/test-classes:/Users/ramanathan.mthoughtworks.com/Documents/Automation/untitled folder/JuiceShop_RestAssured/target/classes:/Users/ramanathan.mthoughtworks.com/.m2/repository/org/testng/testng/6.14.2/testng-6.14.2.jar:/Users/ramanathan.mthoughtworks.com/.m2/repository/com/beust/jcommander/1.72/jcommander-1.72.jar:/Users/ramanathan.mthoughtworks.com/.m2/repository/org/apache-extras/beanshell/bsh/2.0b6/bsh-2.0b6.jar:/Users/ramanathan.mthoughtworks.com/.m2/repository/io/rest-assured/rest-assured/4.0.0/rest-assured-4.0.0.jar:/Users/ramanathan.mthoughtworks.com/.m2/repository/org/codehaus/groovy/groovy/2.5.6/groovy-2.5.6.jar:/Users/ramanathan.mthoughtworks.com/.m2/repository/org/codehaus/groovy/groovy-xml/2.5.6/groovy-xml-2.5.6.jar:/Users/ramanathan.mthoughtworks.com/.m2/repository/org/apache/httpcomponents/httpclient/4.5.3/httpclient-4.5.3.jar:/Users/ramanathan.mthoughtworks.com/.m2/repository/org/apache/httpcomponents/httpcore/4.4.6/httpcore-4.4.6.jar:/Users/ramanathan.mthoughtworks.com/.m2/repository/commons-logging/commons-logging/1.2/commons-logging-1.2.jar:/Users/ramanathan.mthoughtworks.com/.m2/repository/commons-codec/commons-codec/1.9/commons-codec-1.9.jar:/Users/ramanathan.mthoughtworks.com/.m2/repository/org/apache/httpcomponents/httpmime/4.5.3/httpmime-4.5.3.jar:/Users/ramanathan.mthoughtworks.com/.m2/repository/org/hamcrest/hamcrest-core/2.1/hamcrest-core-2.1.jar:/Users/ramanathan.mthoughtworks.com/.m2/repository/org/hamcrest/hamcrest-library/2.1/hamcrest-library-2.1.jar:/Users/ramanathan.mthoughtworks.com/.m2/repository/org/ccil/cowan/tagsoup/tagsoup/1.2.1/tagsoup-1.2.1.jar:/Users/ramanathan.mthoughtworks.com/.m2/repository/io/rest-assured/json-path/4.2.0/json-path-4.2.0.jar:/Users/ramanathan.mthoughtworks.com/.m2/repository/org/codehaus/groovy/groovy-json/2.5.8/groovy-json-2.5.8.jar:/Users/ramanathan.mthoughtworks.com/.m2/repository/io/rest-assured/rest-assured-common/4.2.0/rest-assured-common-4.2.0.jar:/Users/ramanathan.mthoughtworks.com/.m2/repository/io/rest-assured/xml-path/4.2.0/xml-path-4.2.0.jar:/Users/ramanathan.mthoughtworks.com/.m2/repository/org/apache/commons/commons-lang3/3.4/commons-lang3-3.4.jar:/Users/ramanathan.mthoughtworks.com/.m2/repository/jakarta/xml/bind/jakarta.xml.bind-api/2.3.2/jakarta.xml.bind-api-2.3.2.jar:/Users/ramanathan.mthoughtworks.com/.m2/repository/jakarta/activation/jakarta.activation-api/1.2.1/jakarta.activation-api-1.2.1.jar:/Users/ramanathan.mthoughtworks.com/.m2/repository/com/sun/xml/bind/jaxb-osgi/2.3.0.1/jaxb-osgi-2.3.0.1.jar:/Users/ramanathan.mthoughtworks.com/.m2/repository/org/apache/sling/org.apache.sling.javax.activation/0.1.0/org.apache.sling.javax.activation-0.1.0.jar:/Users/ramanathan.mthoughtworks.com/.m2/repository/javax/activation/activation/1.1.1/activation-1.1.1.jar:/Users/ramanathan.mthoughtworks.com/.m2/repository/io/rest-assured/json-schema-validator/4.2.0/json-schema-validator-4.2.0.jar:/Users/ramanathan.mthoughtworks.com/.m2/repository/com/github/java-json-tools/json-schema-validator/2.2.10/json-schema-validator-2.2.10.jar:/Users/ramanathan.mthoughtworks.com/.m2/repository/com/github/java-json-tools/json-schema-core/1.2.10/json-schema-core-1.2.10.jar:/Users/ramanathan.mthoughtworks.com/.m2/repository/com/github/java-json-tools/jackson-coreutils/1.9/jackson-coreutils-1.9.jar:/Users/ramanathan.mthoughtworks.com/.m2/repository/com/fasterxml/jackson/core/jackson-databind/2.2.3/jackson-databind-2.2.3.jar:/Users/ramanathan.mthoughtworks.com/.m2/repository/com/fasterxml/jackson/core/jackson-annotations/2.2.3/jackson-annotations-2.2.3.jar:/Users/ramanathan.mthoughtworks.com/.m2/repository/com/fasterxml/jackson/core/jackson-core/2.2.3/jackson-core-2.2.3.jar:/Users/ramanathan.mthoughtworks.com/.m2/repository/com/google/guava/guava/16.0.1/guava-16.0.1.jar:/Users/ramanathan.mthoughtworks.com/.m2/repository/com/github/fge/msg-simple/1.1/msg-simple-1.1.jar:/Users/ramanathan.mthoughtworks.com/.m2/repository/com/github/fge/btf/1.2/btf-1.2.jar:/Users/ramanathan.mthoughtworks.com/.m2/repository/com/github/fge/uri-template/0.9/uri-template-0.9.jar:/Users/ramanathan.mthoughtworks.com/.m2/repository/org/mozilla/rhino/1.7.7.1/rhino-1.7.7.1.jar:/Users/ramanathan.mthoughtworks.com/.m2/repository/javax/mail/mailapi/1.4.3/mailapi-1.4.3.jar:/Users/ramanathan.mthoughtworks.com/.m2/repository/joda-time/joda-time/2.9.7/joda-time-2.9.7.jar:/Users/ramanathan.mthoughtworks.com/.m2/repository/com/googlecode/libphonenumber/libphonenumber/8.0.0/libphonenumber-8.0.0.jar:/Users/ramanathan.mthoughtworks.com/.m2/repository/com/google/code/findbugs/jsr305/3.0.1/jsr305-3.0.1.jar:/Users/ramanathan.mthoughtworks.com/.m2/repository/net/sf/jopt-simple/jopt-simple/5.0.3/jopt-simple-5.0.3.jar:/Users/ramanathan.mthoughtworks.com/.m2/repository/org/hamcrest/hamcrest/2.1/hamcrest-2.1.jar:/Users/ramanathan.mthoughtworks.com/.m2/repository/com/github/javafaker/javafaker/1.0.2/javafaker-1.0.2.jar:/Users/ramanathan.mthoughtworks.com/.m2/repository/org/yaml/snakeyaml/1.23/snakeyaml-1.23-android.jar:/Users/ramanathan.mthoughtworks.com/.m2/repository/com/github/mifmif/generex/1.0.2/generex-1.0.2.jar:/Users/ramanathan.mthoughtworks.com/.m2/repository/dk/brics/automaton/automaton/1.11-8/automaton-1.11-8.jar:"/>
    <property name="sun.cpu.endian" value="little"/>
    <property name="user.home" value="/Users/ramanathan.mthoughtworks.com"/>
    <property name="user.language" value="en"/>
    <property name="java.specification.vendor" value="Oracle Corporation"/>
    <property name="java.version.date" value="2020-01-14"/>
    <property name="java.home" value="/usr/local/Cellar/openjdk/13.0.2+8_2/libexec/openjdk.jdk/Contents/Home"/>
    <property name="file.separator" value="/"/>
    <property name="basedir" value="/Users/ramanathan.mthoughtworks.com/Documents/Automation/untitled folder/JuiceShop_RestAssured"/>
    <property name="java.vm.compressedOopsMode" value="Zero based"/>
    <property name="line.separator" value="&#10;"/>
    <property name="java.specification.name" value="Java Platform API Specification"/>
    <property name="java.vm.specification.vendor" value="Oracle Corporation"/>
    <property name="surefire.real.class.path" value="/Users/ramanathan.mthoughtworks.com/Documents/Automation/untitled folder/JuiceShop_RestAssured/target/surefire/surefirebooter11978775912736978740.jar"/>
    <property name="sun.management.compiler" value="HotSpot 64-Bit Tiered Compilers"/>
    <property name="ftp.nonProxyHosts" value="local|*.local|169.254/16|*.169.254/16"/>
    <property name="java.runtime.version" value="13.0.2+8"/>
    <property name="user.name" value="ramanathan.mthoughtworks.com"/>
    <property name="path.separator" value=":"/>
    <property name="os.version" value="10.15.4"/>
    <property name="java.runtime.name" value="OpenJDK Runtime Environment"/>
    <property name="file.encoding" value="UTF-8"/>
    <property name="java.vm.name" value="OpenJDK 64-Bit Server VM"/>
    <property name="localRepository" value="/Users/ramanathan.mthoughtworks.com/.m2/repository"/>
    <property name="java.vendor.url.bug" value="https://bugreport.java.com/bugreport/"/>
    <property name="java.io.tmpdir" value="/var/folders/47/r7pdz18s10xgk2jg2fpzb8g40000gn/T/"/>
    <property name="java.version" value="13.0.2"/>
    <property name="user.dir" value="/Users/ramanathan.mthoughtworks.com/Documents/Automation/untitled folder/JuiceShop_RestAssured"/>
    <property name="os.arch" value="x86_64"/>
    <property name="java.vm.specification.name" value="Java Virtual Machine Specification"/>
    <property name="java.library.path" value="/Users/ramanathan.mthoughtworks.com/Library/Java/Extensions:/Library/Java/Extensions:/Network/Library/Java/Extensions:/System/Library/Java/Extensions:/usr/lib/java:."/>
    <property name="java.vm.info" value="mixed mode, sharing"/>
    <property name="java.vendor" value="N/A"/>
    <property name="java.vm.version" value="13.0.2+8"/>
    <property name="sun.io.unicode.encoding" value="UnicodeBig"/>
    <property name="socksNonProxyHosts" value="local|*.local|169.254/16|*.169.254/16"/>
    <property name="java.class.version" value="57.0"/>
  </properties>
  <testcase name="getItem" classname="API_Test.JuceShopTest" time="0.974"/>
</testsuite>