<?xml version="1.0" encoding="UTF-8"?>
<!-- Generated by org.testng.reporters.JUnitReportReporter -->
<testsuite hostname="Ramanathan.domain.name" failures="0" tests="1" name="API_Test.JuceShopTest" time="0.971" errors="0" timestamp="05 Jun 2020 12:40:38 GMT" skipped="0">
  <testcase classname="API_Test.JuceShopTest" name="getItem" time="0.971"/>
</testsuite> <!-- API_Test.JuceShopTest -->
